Determining if the pthread_create exist failed with the following output:
Change Dir: /home/zonk/dev/skylark/build/CMakeFiles/CMakeTmp

Run Build Command:"/usr/bin/make" "cmTC_1d8ba/fast"
/usr/bin/make -f CMakeFiles/cmTC_1d8ba.dir/build.make CMakeFiles/cmTC_1d8ba.dir/build
make[1]: Entering directory '/home/zonk/dev/skylark/build/CMakeFiles/CMakeTmp'
Building C object CMakeFiles/cmTC_1d8ba.dir/CheckSymbolExists.c.o
/usr/bin/cc    -o CMakeFiles/cmTC_1d8ba.dir/CheckSymbolExists.c.o   -c /home/zonk/dev/skylark/build/CMakeFiles/CMakeTmp/CheckSymbolExists.c
Linking C executable cmTC_1d8ba
/usr/bin/cmake -E cmake_link_script CMakeFiles/cmTC_1d8ba.dir/link.txt --verbose=1
/usr/bin/cc      -rdynamic CMakeFiles/cmTC_1d8ba.dir/CheckSymbolExists.c.o  -o cmTC_1d8ba 
/usr/bin/ld: CMakeFiles/cmTC_1d8ba.dir/CheckSymbolExists.c.o: in function `main':
CheckSymbolExists.c:(.text+0x1b): undefined reference to `pthread_create'
collect2: error: ld returned 1 exit status
make[1]: *** [CMakeFiles/cmTC_1d8ba.dir/build.make:87: cmTC_1d8ba] Error 1
make[1]: Leaving directory '/home/zonk/dev/skylark/build/CMakeFiles/CMakeTmp'
make: *** [Makefile:121: cmTC_1d8ba/fast] Error 2

File /home/zonk/dev/skylark/build/CMakeFiles/CMakeTmp/CheckSymbolExists.c:
/* */
#include <pthread.h>

int main(int argc, char** argv)
{
  (void)argv;
#ifndef pthread_create
  return ((int*)(&pthread_create))[argc];
#else
  (void)argc;
  return 0;
#endif
}

Determining if the function pthread_create exists in the pthreads failed with the following output:
Change Dir: /home/zonk/dev/skylark/build/CMakeFiles/CMakeTmp

Run Build Command:"/usr/bin/make" "cmTC_bd7d0/fast"
/usr/bin/make -f CMakeFiles/cmTC_bd7d0.dir/build.make CMakeFiles/cmTC_bd7d0.dir/build
make[1]: Entering directory '/home/zonk/dev/skylark/build/CMakeFiles/CMakeTmp'
Building C object CMakeFiles/cmTC_bd7d0.dir/CheckFunctionExists.c.o
/usr/bin/cc   -DCHECK_FUNCTION_EXISTS=pthread_create   -o CMakeFiles/cmTC_bd7d0.dir/CheckFunctionExists.c.o   -c /usr/share/cmake-3.13/Modules/CheckFunctionExists.c
Linking C executable cmTC_bd7d0
/usr/bin/cmake -E cmake_link_script CMakeFiles/cmTC_bd7d0.dir/link.txt --verbose=1
/usr/bin/cc  -DCHECK_FUNCTION_EXISTS=pthread_create    -rdynamic CMakeFiles/cmTC_bd7d0.dir/CheckFunctionExists.c.o  -o cmTC_bd7d0 -lpthreads 
/usr/bin/ld: cannot find -lpthreads
collect2: error: ld returned 1 exit status
make[1]: *** [CMakeFiles/cmTC_bd7d0.dir/build.make:87: cmTC_bd7d0] Error 1
make[1]: Leaving directory '/home/zonk/dev/skylark/build/CMakeFiles/CMakeTmp'
make: *** [Makefile:121: cmTC_bd7d0/fast] Error 2


